<?xml version="1.0" encoding="UTF-8"?>
<!-- Generated by org.testng.reporters.JUnitReportReporter -->
<testsuite skipped="0" hostname="LN05Y9QLD88496" name="pdfDownload.download" tests="3" failures="0" timestamp="07 Dec 2017 20:24:37 GMT" time="1.066" errors="0">
  <testcase name="startTest1" time="0.419" classname="pdfDownload.download"/>
  <testcase name="startTest2" time="0.292" classname="pdfDownload.download"/>
  <testcase name="startTest3" time="0.355" classname="pdfDownload.download"/>
</testsuite> <!-- pdfDownload.download -->
