<?xml version="1.0" encoding="UTF-8"?>
<!-- Generated by org.testng.reporters.JUnitReportReporter -->
<testsuite skipped="0" hostname="LN05Y9QLD88496" name="com.test.utility.PDFUtilTest" tests="1" failures="0" timestamp="08 Dec 2017 03:51:25 GMT" time="7.546" errors="0">
  <testcase name="comparePDFImageModeDiff" time="7.546" classname="com.test.utility.PDFUtilTest"/>
</testsuite> <!-- com.test.utility.PDFUtilTest -->
